  Model.cpp
c:\program files (x86)\microsoft directx sdk (june 2010)\include\xnamath.h(2662): warning C4838: conversion from 'unsigned int' to 'INT' requires a narrowing conversion
c:\program files (x86)\microsoft directx sdk (june 2010)\include\xnamath.h(2663): warning C4838: conversion from 'unsigned int' to 'INT' requires a narrowing conversion
c:\program files (x86)\microsoft directx sdk (june 2010)\include\xnamath.h(2664): warning C4838: conversion from 'unsigned int' to 'INT' requires a narrowing conversion
c:\program files (x86)\microsoft directx sdk (june 2010)\include\xnamath.h(2665): warning C4838: conversion from 'unsigned int' to 'INT' requires a narrowing conversion
c:\program files (x86)\microsoft directx sdk (june 2010)\include\xnamath.h(2666): warning C4838: conversion from 'unsigned int' to 'INT' requires a narrowing conversion
c:\program files (x86)\microsoft directx sdk (june 2010)\include\xnamath.h(2667): warning C4838: conversion from 'unsigned int' to 'INT' requires a narrowing conversion
c:\program files (x86)\microsoft directx sdk (june 2010)\include\xnamath.h(2668): warning C4838: conversion from 'unsigned int' to 'INT' requires a narrowing conversion
c:\program files (x86)\microsoft directx sdk (june 2010)\include\xnamath.h(2689): warning C4838: conversion from 'unsigned int' to 'INT' requires a narrowing conversion
c:\program files (x86)\microsoft directx sdk (june 2010)\include\xnamath.h(2690): warning C4838: conversion from 'unsigned int' to 'INT' requires a narrowing conversion
c:\program files (x86)\microsoft directx sdk (june 2010)\include\xnamath.h(2691): warning C4838: conversion from 'unsigned int' to 'INT' requires a narrowing conversion
c:\program files (x86)\microsoft directx sdk (june 2010)\include\xnamath.h(2694): warning C4838: conversion from 'unsigned int' to 'INT' requires a narrowing conversion
c:\program files (x86)\microsoft directx sdk (june 2010)\include\xnamath.h(2695): warning C4838: conversion from 'unsigned int' to 'INT' requires a narrowing conversion
c:\program files (x86)\microsoft directx sdk (june 2010)\include\xnamath.h(2698): warning C4838: conversion from 'unsigned int' to 'INT' requires a narrowing conversion
c:\program files (x86)\microsoft directx sdk (june 2010)\include\xnamath.h(2702): warning C4838: conversion from 'unsigned int' to 'INT' requires a narrowing conversion
c:\program files (x86)\microsoft directx sdk (june 2010)\include\xnamath.h(2712): warning C4838: conversion from 'unsigned int' to 'INT' requires a narrowing conversion
c:\program files (x86)\microsoft directx sdk (june 2010)\include\xnamath.h(2713): warning C4838: conversion from 'unsigned int' to 'INT' requires a narrowing conversion
c:\program files (x86)\microsoft directx sdk (june 2010)\include\xnamath.h(2715): warning C4838: conversion from 'unsigned int' to 'INT' requires a narrowing conversion
c:\program files (x86)\microsoft directx sdk (june 2010)\include\xnamath.h(2716): warning C4838: conversion from 'unsigned int' to 'INT' requires a narrowing conversion
c:\program files (x86)\microsoft directx sdk (june 2010)\include\xnamath.h(2717): warning C4838: conversion from 'unsigned int' to 'INT' requires a narrowing conversion
c:\program files (x86)\microsoft directx sdk (june 2010)\include\xnamath.h(2727): warning C4838: conversion from 'unsigned int' to 'INT' requires a narrowing conversion
c:\program files (x86)\microsoft directx sdk (june 2010)\include\xnamath.h(2728): warning C4838: conversion from 'unsigned int' to 'INT' requires a narrowing conversion
c:\program files (x86)\microsoft directx sdk (june 2010)\include\xnamath.h(2729): warning C4838: conversion from 'unsigned int' to 'INT' requires a narrowing conversion
c:\program files (x86)\microsoft directx sdk (june 2010)\include\xnamath.h(2730): warning C4838: conversion from 'unsigned int' to 'INT' requires a narrowing conversion
c:\program files (x86)\microsoft directx sdk (june 2010)\include\xnamath.h(2731): warning C4838: conversion from 'unsigned int' to 'INT' requires a narrowing conversion
c:\program files (x86)\microsoft directx sdk (june 2010)\include\xnamath.h(2732): warning C4838: conversion from 'unsigned int' to 'INT' requires a narrowing conversion
c:\program files (x86)\microsoft directx sdk (june 2010)\include\xnamath.h(2742): warning C4838: conversion from 'unsigned int' to 'INT' requires a narrowing conversion
c:\program files (x86)\microsoft directx sdk (june 2010)\include\xnamath.h(2743): warning C4838: conversion from 'unsigned int' to 'INT' requires a narrowing conversion
c:\program files (x86)\microsoft directx sdk (june 2010)\include\xnamath.h(2754): warning C4838: conversion from 'unsigned int' to 'INT' requires a narrowing conversion
d:\users\mark little\documents\university work\year 3\advanced games programming\tutorial 11\abel little t11e01\model.cpp(244): warning C4244: 'initializing': conversion from 'double' to 'float', possible loss of data
d:\users\mark little\documents\university work\year 3\advanced games programming\tutorial 11\abel little t11e01\model.cpp(245): warning C4244: 'initializing': conversion from 'double' to 'float', possible loss of data
d:\users\mark little\documents\university work\year 3\advanced games programming\tutorial 11\abel little t11e01\model.cpp(276): warning C4244: '+=': conversion from 'double' to 'float', possible loss of data
d:\users\mark little\documents\university work\year 3\advanced games programming\tutorial 11\abel little t11e01\model.cpp(277): warning C4244: '+=': conversion from 'double' to 'float', possible loss of data
  Abel Little T11E01.vcxproj -> D:\Users\Mark Little\Documents\University Work\YEAR 3\Advanced Games Programming\Tutorial 11\Abel Little T11E01\Debug\Abel Little T11E01.exe
  Abel Little T11E01.vcxproj -> D:\Users\Mark Little\Documents\University Work\YEAR 3\Advanced Games Programming\Tutorial 11\Abel Little T11E01\Debug\Abel Little T11E01.pdb (Partial PDB)
